<?xml version="1.0" encoding="UTF-8"?>
<!-- Generated by org.testng.reporters.JUnitReportReporter -->
<testsuite skipped="0" hostname="MohamedMurtuza" name="mobileTestNG.Days" tests="8" failures="0" timestamp="24 May 2020 00:34:42 GMT" time="0.037" errors="0">
  <testcase name="secondDay" time="0.004" classname="mobileTestNG.Days"/>
  <testcase name="fourtDay" time="0.002" classname="mobileTestNG.Days"/>
  <testcase name="fifthDay" time="0.004" classname="mobileTestNG.Days"/>
  <testcase name="firstDay" time="0.003" classname="mobileTestNG.Days"/>
  <testcase name="ThirdDay" time="0.003" classname="mobileTestNG.Days"/>
  <testcase name="LastDay" time="0.014" classname="mobileTestNG.Days"/>
  <testcase name="fifthDay" time="0.004" classname="mobileTestNG.Days"/>
  <testcase name="sixthDay" time="0.003" classname="mobileTestNG.Days"/>
</testsuite> <!-- mobileTestNG.Days -->
