<?xml version="1.0" encoding="UTF-8"?>
<!-- Generated by org.testng.reporters.JUnitReportReporter -->
<testsuite skipped="0" hostname="MohamedMurtuza" name="testing.Paramters" tests="2" failures="0" timestamp="24 May 2020 00:34:42 GMT" time="0.023" errors="0">
  <testcase name="dataTesting" time="0.020" classname="testing.Paramters"/>
  <testcase name="paramter" time="0.003" classname="testing.Paramters"/>
</testsuite> <!-- testing.Paramters -->
