<?xml version="1.0" encoding="UTF-8"?>
<!-- Generated by org.testng.reporters.JUnitReportReporter -->
<testsuite skipped="0" hostname="MohamedMurtuza" name="level_1.Window" tests="1" failures="0" timestamp="23 May 2020 14:05:31 GMT" time="42.370" errors="0">
  <testcase name="window" time="42.370" classname="level_1.Window"/>
</testsuite> <!-- level_1.Window -->
