<?xml version="1.0" encoding="UTF-8"?>
<!-- Generated by org.testng.reporters.JUnitReportReporter -->
<testsuite name="pageObject.LoginPage" tests="1" time="30.873" ignored="0" failures="0" timestamp="24 May 2020 12:47:35 GMT" skipped="0" hostname="MohamedMurtuza" errors="0">
  <testcase name="loginPage" time="30.873" classname="pageObject.LoginPage"/>
</testsuite> <!-- pageObject.LoginPage -->
