<?xml version="1.0" encoding="UTF-8"?>
<!-- Generated by org.testng.reporters.JUnitReportReporter -->
<testsuite skipped="0" hostname="MohamedMurtuza" name="testing.Fun" tests="1" failures="0" timestamp="24 May 2020 00:24:42 GMT" time="0.001" errors="0">
  <testcase name="thisIsForFun" time="0.001" classname="testing.Fun"/>
</testsuite> <!-- testing.Fun -->
