<?xml version="1.0" encoding="UTF-8"?>
<!-- Generated by org.testng.reporters.JUnitReportReporter -->
<testsuite ignored="0" hostname="MohamedMurtuza" failures="0" tests="1" name="pageObject.LoginPage" time="34.396" errors="0" timestamp="24 May 2020 15:40:19 GMT" skipped="0">
  <testcase classname="pageObject.LoginPage" name="loginPage" time="34.396"/>
</testsuite> <!-- pageObject.LoginPage -->
