<?xml version="1.0" encoding="UTF-8"?>
<!-- Generated by org.testng.reporters.JUnitReportReporter -->
<testsuite skipped="0" hostname="MohamedMurtuza" name="mobileTestNG.IncludeAndExclude" tests="10" failures="0" timestamp="24 May 2020 00:24:42 GMT" time="0.022" errors="0">
  <testcase name="mobilenum" time="0.002" classname="mobileTestNG.IncludeAndExclude"/>
  <testcase name="webBrowse" time="0.001" classname="mobileTestNG.IncludeAndExclude"/>
  <testcase name="mobilenum" time="0.001" classname="mobileTestNG.IncludeAndExclude"/>
  <testcase name="mobilenum" time="0.001" classname="mobileTestNG.IncludeAndExclude"/>
  <testcase name="mobileLogin" time="0.002" classname="mobileTestNG.IncludeAndExclude"/>
  <testcase name="mobilenum" time="0.002" classname="mobileTestNG.IncludeAndExclude"/>
  <testcase name="mobileBrowse" time="0.007" classname="mobileTestNG.IncludeAndExclude"/>
  <testcase name="mobileLogin" time="0.003" classname="mobileTestNG.IncludeAndExclude"/>
  <testcase name="mobilenum" time="0.002" classname="mobileTestNG.IncludeAndExclude"/>
  <testcase name="mobileLogOut" time="0.001" classname="mobileTestNG.IncludeAndExclude"/>
</testsuite> <!-- mobileTestNG.IncludeAndExclude -->
